<?xml version="1.0" encoding="UTF-8"?>
<!-- Generated by org.testng.reporters.JUnitReportReporter -->
<testsuite skipped="0" hostname="DESKTOP-SFTOLJP" name="academy.QAClickProject.AppTest" tests="1" failures="0" timestamp="2021-12-30T22:43:06 CST" time="0.003" errors="0">
  <testcase name="shouldAnswerWithTrue" time="0.003" classname="academy.QAClickProject.AppTest"/>
  <system-out/>
</testsuite> <!-- academy.QAClickProject.AppTest -->
