<?xml version="1.0" encoding="UTF-8"?>
<!-- Generated by org.testng.reporters.JUnitReportReporter -->
<testsuite hostname="DESKTOP-SFTOLJP" failures="0" tests="1" name="Tests.HomePageTest" time="11.253" errors="0" timestamp="2021-12-28T21:59:35 CST" skipped="0">
  <testcase classname="Tests.HomePageTest" name="basePageNavigation" time="11.253"/>
  <system-out/>
</testsuite> <!-- Tests.HomePageTest -->
